<?xml version="1.0" encoding="UTF-8"?>
<!-- Generated by org.testng.reporters.JUnitXMLReporter -->
<testsuite ignored="0" hostname="COLLABPH1002991" failures="0" tests="4" name="Default test-2" time="207.476" errors="0" timestamp="2023-11-09T14:15:31 PST">
  <testcase classname="com.apidemos.Gestures" name="dragGestureMethod" time="7.12"/>
  <testcase classname="com.apidemos.Gestures" name="flingGestureMethod" time="8.562"/>
  <testcase classname="com.apidemos.Gestures" name="longPress" time="11.008"/>
  <testcase classname="com.apidemos.Gestures" name="scrollGesture" time="8.691"/>
</testsuite> <!-- Default test-2 -->
