<?xml version="1.0" encoding="UTF-8"?>
<testng-results ignored="0" total="1" passed="1" failed="0" skipped="0">
  <reporter-output>
  </reporter-output>
  <suite started-at="2023-11-10T09:57:44 PST" name="Default suite" finished-at="2023-11-10T09:58:34 PST" duration-ms="50004">
    <groups>
    </groups>
    <test started-at="2023-11-10T09:57:44 PST" name="Default test" finished-at="2023-11-10T09:58:34 PST" duration-ms="50004">
      <class name="com.apidemos.LaunchAndroidApp">
        <test-method is-config="true" signature="setUp()[pri:0, instance:com.apidemos.LaunchAndroidApp@54dcfa5a]" started-at="2023-11-10T09:57:45 PST" name="setUp" finished-at="2023-11-10T09:58:05 PST" duration-ms="20922" status="PASS">
          <reporter-output>
          </reporter-output>
        </test-method> <!-- setUp -->
        <test-method signature="navigateApp()[pri:0, instance:com.apidemos.LaunchAndroidApp@54dcfa5a]" started-at="2023-11-10T09:58:05 PST" name="navigateApp" finished-at="2023-11-10T09:58:33 PST" duration-ms="27651" status="PASS">
          <reporter-output>
          </reporter-output>
        </test-method> <!-- navigateApp -->
        <test-method is-config="true" signature="tearDown()[pri:0, instance:com.apidemos.LaunchAndroidApp@54dcfa5a]" started-at="2023-11-10T09:58:33 PST" name="tearDown" finished-at="2023-11-10T09:58:34 PST" duration-ms="1393" status="PASS">
          <reporter-output>
          </reporter-output>
        </test-method> <!-- tearDown -->
      </class> <!-- com.apidemos.LaunchAndroidApp -->
    </test> <!-- Default test -->
  </suite> <!-- Default suite -->
</testng-results>
