<?xml version="1.0" encoding="UTF-8"?>
<testng-results ignored="0" total="2" passed="2" failed="0" skipped="0">
  <reporter-output>
  </reporter-output>
  <suite started-at="2023-11-09T14:47:11 PST" name="Default suite" finished-at="2023-11-09T14:48:34 PST" duration-ms="82642">
    <groups>
    </groups>
    <test started-at="2023-11-09T14:47:11 PST" name="Default test-1" finished-at="2023-11-09T14:48:12 PST" duration-ms="60132">
      <class name="com.apidemos.LaunchAndroidApp">
        <test-method is-config="true" signature="setUp()[pri:0, instance:com.apidemos.LaunchAndroidApp@5f80fa43]" started-at="2023-11-09T14:47:11 PST" name="setUp" finished-at="2023-11-09T14:47:36 PST" duration-ms="24892" status="PASS">
          <reporter-output>
          </reporter-output>
        </test-method> <!-- setUp -->
        <test-method signature="navigateApp()[pri:0, instance:com.apidemos.LaunchAndroidApp@5f80fa43]" started-at="2023-11-09T14:47:36 PST" name="navigateApp" finished-at="2023-11-09T14:48:09 PST" duration-ms="32215" status="PASS">
          <reporter-output>
          </reporter-output>
        </test-method> <!-- navigateApp -->
        <test-method is-config="true" signature="tearDown()[pri:0, instance:com.apidemos.LaunchAndroidApp@5f80fa43]" started-at="2023-11-09T14:48:09 PST" name="tearDown" finished-at="2023-11-09T14:48:12 PST" duration-ms="2587" status="PASS">
          <reporter-output>
          </reporter-output>
        </test-method> <!-- tearDown -->
      </class> <!-- com.apidemos.LaunchAndroidApp -->
    </test> <!-- Default test-1 -->
    <test started-at="2023-11-09T14:47:11 PST" name="Default test-0" finished-at="2023-11-09T14:48:34 PST" duration-ms="82642">
      <class name="com.apidemos.LaunchAndroidApp">
        <test-method is-config="true" signature="setUp()[pri:0, instance:com.apidemos.LaunchAndroidApp@47e4d9d0]" started-at="2023-11-09T14:47:11 PST" name="setUp" finished-at="2023-11-09T14:47:42 PST" duration-ms="30093" status="PASS">
          <reporter-output>
          </reporter-output>
        </test-method> <!-- setUp -->
        <test-method signature="navigateApp()[pri:0, instance:com.apidemos.LaunchAndroidApp@47e4d9d0]" started-at="2023-11-09T14:47:42 PST" name="navigateApp" finished-at="2023-11-09T14:48:31 PST" duration-ms="49693" status="PASS">
          <reporter-output>
          </reporter-output>
        </test-method> <!-- navigateApp -->
        <test-method is-config="true" signature="tearDown()[pri:0, instance:com.apidemos.LaunchAndroidApp@47e4d9d0]" started-at="2023-11-09T14:48:32 PST" name="tearDown" finished-at="2023-11-09T14:48:34 PST" duration-ms="2411" status="PASS">
          <reporter-output>
          </reporter-output>
        </test-method> <!-- tearDown -->
      </class> <!-- com.apidemos.LaunchAndroidApp -->
    </test> <!-- Default test-0 -->
  </suite> <!-- Default suite -->
</testng-results>
